Performing C++ SOURCE FILE Test HAVE_CXX_FLAG_WSHORTEN_64_TO_32 failed with the following output:
Change Dir: /home/deokhwa/dev/sha3/openfhe-development/CMakeFiles/CMakeTmp

Run Build Command(s):/usr/bin/gmake -f Makefile cmTC_3c158/fast && /usr/bin/gmake  -f CMakeFiles/cmTC_3c158.dir/build.make CMakeFiles/cmTC_3c158.dir/build
gmake[1]: Entering directory '/home/deokhwa/dev/sha3/openfhe-development/CMakeFiles/CMakeTmp'
Building CXX object CMakeFiles/cmTC_3c158.dir/src.cxx.o
/usr/bin/c++ -DHAVE_CXX_FLAG_WSHORTEN_64_TO_32  -Wall -Werror -O3  -DOPENFHE_VERSION=1.1.4 -Wno-parentheses -DMATHBACKEND=4 -fopenmp  -std=c++11  -Wall  -Wextra  -Wshadow  -Wsuggest-override  -pedantic  -pedantic-errors  -Wshorten-64-to-32   -Wshorten-64-to-32 -o CMakeFiles/cmTC_3c158.dir/src.cxx.o -c /home/deokhwa/dev/sha3/openfhe-development/CMakeFiles/CMakeTmp/src.cxx
c++: error: unrecognized command-line option '-Wshorten-64-to-32'
c++: error: unrecognized command-line option '-Wshorten-64-to-32'
gmake[1]: *** [CMakeFiles/cmTC_3c158.dir/build.make:78: CMakeFiles/cmTC_3c158.dir/src.cxx.o] Error 1
gmake[1]: Leaving directory '/home/deokhwa/dev/sha3/openfhe-development/CMakeFiles/CMakeTmp'
gmake: *** [Makefile:127: cmTC_3c158/fast] Error 2


Source file was:
int main() { return 0; }
Performing C++ SOURCE FILE Test HAVE_CXX_FLAG_WD654 failed with the following output:
Change Dir: /home/deokhwa/dev/sha3/openfhe-development/CMakeFiles/CMakeTmp

Run Build Command(s):/usr/bin/gmake -f Makefile cmTC_25eea/fast && /usr/bin/gmake  -f CMakeFiles/cmTC_25eea.dir/build.make CMakeFiles/cmTC_25eea.dir/build
gmake[1]: Entering directory '/home/deokhwa/dev/sha3/openfhe-development/CMakeFiles/CMakeTmp'
Building CXX object CMakeFiles/cmTC_25eea.dir/src.cxx.o
/usr/bin/c++ -DHAVE_CXX_FLAG_WD654  -Wall -Werror -O3  -DOPENFHE_VERSION=1.1.4 -Wno-parentheses -DMATHBACKEND=4 -fopenmp  -std=c++11  -Wall  -Wextra  -Wshadow  -Wsuggest-override  -pedantic  -pedantic-errors  -fstrict-aliasing  -Wno-deprecated-declarations  -Wstrict-aliasing  -wd654   -wd654 -o CMakeFiles/cmTC_25eea.dir/src.cxx.o -c /home/deokhwa/dev/sha3/openfhe-development/CMakeFiles/CMakeTmp/src.cxx
c++: error: unrecognized command-line option '-wd654'
c++: error: unrecognized command-line option '-wd654'
gmake[1]: *** [CMakeFiles/cmTC_25eea.dir/build.make:78: CMakeFiles/cmTC_25eea.dir/src.cxx.o] Error 1
gmake[1]: Leaving directory '/home/deokhwa/dev/sha3/openfhe-development/CMakeFiles/CMakeTmp'
gmake: *** [Makefile:127: cmTC_25eea/fast] Error 2


Source file was:
int main() { return 0; }
Performing C++ SOURCE FILE Test HAVE_CXX_FLAG_WTHREAD_SAFETY failed with the following output:
Change Dir: /home/deokhwa/dev/sha3/openfhe-development/CMakeFiles/CMakeTmp

Run Build Command(s):/usr/bin/gmake -f Makefile cmTC_02272/fast && /usr/bin/gmake  -f CMakeFiles/cmTC_02272.dir/build.make CMakeFiles/cmTC_02272.dir/build
gmake[1]: Entering directory '/home/deokhwa/dev/sha3/openfhe-development/CMakeFiles/CMakeTmp'
Building CXX object CMakeFiles/cmTC_02272.dir/src.cxx.o
/usr/bin/c++ -DHAVE_CXX_FLAG_WTHREAD_SAFETY  -Wall -Werror -O3  -DOPENFHE_VERSION=1.1.4 -Wno-parentheses -DMATHBACKEND=4 -fopenmp  -std=c++11  -Wall  -Wextra  -Wshadow  -Wsuggest-override  -pedantic  -pedantic-errors  -fstrict-aliasing  -Wno-deprecated-declarations  -Wstrict-aliasing  -Wthread-safety   -Wthread-safety -o CMakeFiles/cmTC_02272.dir/src.cxx.o -c /home/deokhwa/dev/sha3/openfhe-development/CMakeFiles/CMakeTmp/src.cxx
c++: error: unrecognized command-line option '-Wthread-safety'
c++: error: unrecognized command-line option '-Wthread-safety'
gmake[1]: *** [CMakeFiles/cmTC_02272.dir/build.make:78: CMakeFiles/cmTC_02272.dir/src.cxx.o] Error 1
gmake[1]: Leaving directory '/home/deokhwa/dev/sha3/openfhe-development/CMakeFiles/CMakeTmp'
gmake: *** [Makefile:127: cmTC_02272/fast] Error 2


Source file was:
int main() { return 0; }
